<?xml version="1.0" encoding="UTF-8"?>
<testsuite xmlns:xsi="http://www.w3.org/2001/XMLSchema-instance" xsi:noNamespaceSchemaLocation="https://maven.apache.org/surefire/maven-surefire-plugin/xsd/surefire-test-report.xsd" version="3.0.2" name="TestSuite" time="23.927" tests="2" errors="0" skipped="0" failures="0">
  <properties>
[...]
</properties>
  <testcase name="verifyReg" classname="testCases.TC001_AccountRegTest" time="4.653">
    <system-out><![CDATA[username: FljCh@gmail.com
password: FxQMaFa1
]]></system-out>
  </testcase>
  <testcase name="verify_login" classname="testCases.TC002_LoginTest" time="2.094">
    <system-out><![CDATA[true
]]></system-out>
  </testcase>
</testsuite>