<?xml version="1.0" encoding="UTF-8"?>
<testng-results ignored="0" total="2" passed="2" failed="0" skipped="0">
  <reporter-output>
  </reporter-output>
  <suite started-at="2025-08-27T22:55:59 IST" name="Suite" finished-at="2025-08-27T22:56:19 IST" duration-ms="19926">
    <groups>
      <group name="Regression">
        <method signature="TC001_AccountRegTest.verifyReg()[pri:0, instance:testCases.TC001_AccountRegTest@62452cc9]" name="verifyReg" class="testCases.TC001_AccountRegTest"/>
      </group> <!-- Regression -->
      <group name="sanity">
        <method signature="TC002_LoginTest.verify_login()[pri:0, instance:testCases.TC002_LoginTest@488eb7f2]" name="verify_login" class="testCases.TC002_LoginTest"/>
      </group> <!-- sanity -->
      <group name="master">
        <method signature="TC001_AccountRegTest.verifyReg()[pri:0, instance:testCases.TC001_AccountRegTest@62452cc9]" name="verifyReg" class="testCases.TC001_AccountRegTest"/>
        <method signature="TC002_LoginTest.verify_login()[pri:0, instance:testCases.TC002_LoginTest@488eb7f2]" name="verify_login" class="testCases.TC002_LoginTest"/>
      </group> <!-- master -->
    </groups>
    <test started-at="2025-08-27T22:55:59 IST" name="Test" finished-at="2025-08-27T22:56:19 IST" duration-ms="19926">
      <class name="testCases.TC002_LoginTest">
        <test-method is-config="true" signature="setup(java.lang.String,java.lang.String)[pri:0, instance:testCases.TC002_LoginTest@488eb7f2]" started-at="2025-08-27T22:56:12 IST" name="setup" finished-at="2025-08-27T22:56:15 IST" duration-ms="3399" status="PASS">
          <params>
            <param index="0">
              <value>
                <![CDATA[Windows]]>
              </value>
            </param>
            <param index="1">
              <value>
                <![CDATA[chrome]]>
              </value>
            </param>
          </params>
          <reporter-output>
          </reporter-output>
        </test-method> <!-- setup -->
        <test-method signature="verify_login()[pri:0, instance:testCases.TC002_LoginTest@488eb7f2]" started-at="2025-08-27T22:56:15 IST" name="verify_login" finished-at="2025-08-27T22:56:17 IST" duration-ms="1853" status="PASS">
          <reporter-output>
          </reporter-output>
        </test-method> <!-- verify_login -->
        <test-method is-config="true" signature="tearDown()[pri:0, instance:testCases.TC002_LoginTest@488eb7f2]" started-at="2025-08-27T22:56:17 IST" name="tearDown" finished-at="2025-08-27T22:56:19 IST" duration-ms="2259" status="PASS">
          <reporter-output>
          </reporter-output>
        </test-method> <!-- tearDown -->
      </class> <!-- testCases.TC002_LoginTest -->
      <class name="testCases.TC001_AccountRegTest">
        <test-method is-config="true" signature="setup(java.lang.String,java.lang.String)[pri:0, instance:testCases.TC001_AccountRegTest@62452cc9]" started-at="2025-08-27T22:56:00 IST" name="setup" finished-at="2025-08-27T22:56:05 IST" duration-ms="4937" status="PASS">
          <params>
            <param index="0">
              <value>
                <![CDATA[Windows]]>
              </value>
            </param>
            <param index="1">
              <value>
                <![CDATA[chrome]]>
              </value>
            </param>
          </params>
          <reporter-output>
          </reporter-output>
        </test-method> <!-- setup -->
        <test-method signature="verifyReg()[pri:0, instance:testCases.TC001_AccountRegTest@62452cc9]" started-at="2025-08-27T22:56:05 IST" name="verifyReg" finished-at="2025-08-27T22:56:09 IST" duration-ms="4324" status="PASS">
          <reporter-output>
          </reporter-output>
        </test-method> <!-- verifyReg -->
        <test-method is-config="true" signature="tearDown()[pri:0, instance:testCases.TC001_AccountRegTest@62452cc9]" started-at="2025-08-27T22:56:09 IST" name="tearDown" finished-at="2025-08-27T22:56:12 IST" duration-ms="2278" status="PASS">
          <reporter-output>
          </reporter-output>
        </test-method> <!-- tearDown -->
      </class> <!-- testCases.TC001_AccountRegTest -->
    </test> <!-- Test -->
  </suite> <!-- Suite -->
</testng-results>
