<?xml version="1.0" encoding="UTF-8"?>
<testng-results ignored="0" total="2" passed="2" failed="0" skipped="0">
  <reporter-output>
  </reporter-output>
  <suite started-at="2025-08-27T22:43:00 IST" name="Suite" finished-at="2025-08-27T22:43:31 IST" duration-ms="30698">
    <groups>
      <group name="Regression">
        <method signature="TC001_AccountRegTest.verifyReg()[pri:0, instance:testCases.TC001_AccountRegTest@75c9e76b]" name="verifyReg" class="testCases.TC001_AccountRegTest"/>
      </group> <!-- Regression -->
      <group name="sanity">
        <method signature="TC002_LoginTest.verify_login()[pri:0, instance:testCases.TC002_LoginTest@306851c7]" name="verify_login" class="testCases.TC002_LoginTest"/>
      </group> <!-- sanity -->
      <group name="master">
        <method signature="TC001_AccountRegTest.verifyReg()[pri:0, instance:testCases.TC001_AccountRegTest@75c9e76b]" name="verifyReg" class="testCases.TC001_AccountRegTest"/>
        <method signature="TC002_LoginTest.verify_login()[pri:0, instance:testCases.TC002_LoginTest@306851c7]" name="verify_login" class="testCases.TC002_LoginTest"/>
      </group> <!-- master -->
    </groups>
    <test started-at="2025-08-27T22:43:00 IST" name="Test" finished-at="2025-08-27T22:43:31 IST" duration-ms="30698">
      <class name="testCases.TC002_LoginTest">
        <test-method is-config="true" signature="setup(java.lang.String,java.lang.String)[pri:0, instance:testCases.TC002_LoginTest@306851c7]" started-at="2025-08-27T22:43:24 IST" name="setup" finished-at="2025-08-27T22:43:27 IST" duration-ms="2976" status="PASS">
          <params>
            <param index="0">
              <value>
                <![CDATA[Windows]]>
              </value>
            </param>
            <param index="1">
              <value>
                <![CDATA[chrome]]>
              </value>
            </param>
          </params>
          <reporter-output>
          </reporter-output>
        </test-method> <!-- setup -->
        <test-method signature="verify_login()[pri:0, instance:testCases.TC002_LoginTest@306851c7]" started-at="2025-08-27T22:43:27 IST" name="verify_login" finished-at="2025-08-27T22:43:29 IST" duration-ms="1278" status="PASS">
          <reporter-output>
          </reporter-output>
        </test-method> <!-- verify_login -->
        <test-method is-config="true" signature="tearDown()[pri:0, instance:testCases.TC002_LoginTest@306851c7]" started-at="2025-08-27T22:43:29 IST" name="tearDown" finished-at="2025-08-27T22:43:31 IST" duration-ms="2257" status="PASS">
          <reporter-output>
          </reporter-output>
        </test-method> <!-- tearDown -->
      </class> <!-- testCases.TC002_LoginTest -->
      <class name="testCases.TC001_AccountRegTest">
        <test-method is-config="true" signature="setup(java.lang.String,java.lang.String)[pri:0, instance:testCases.TC001_AccountRegTest@75c9e76b]" started-at="2025-08-27T22:43:01 IST" name="setup" finished-at="2025-08-27T22:43:17 IST" duration-ms="16101" status="PASS">
          <params>
            <param index="0">
              <value>
                <![CDATA[Windows]]>
              </value>
            </param>
            <param index="1">
              <value>
                <![CDATA[chrome]]>
              </value>
            </param>
          </params>
          <reporter-output>
          </reporter-output>
        </test-method> <!-- setup -->
        <test-method signature="verifyReg()[pri:0, instance:testCases.TC001_AccountRegTest@75c9e76b]" started-at="2025-08-27T22:43:17 IST" name="verifyReg" finished-at="2025-08-27T22:43:22 IST" duration-ms="4920" status="PASS">
          <reporter-output>
          </reporter-output>
        </test-method> <!-- verifyReg -->
        <test-method is-config="true" signature="tearDown()[pri:0, instance:testCases.TC001_AccountRegTest@75c9e76b]" started-at="2025-08-27T22:43:22 IST" name="tearDown" finished-at="2025-08-27T22:43:24 IST" duration-ms="2378" status="PASS">
          <reporter-output>
          </reporter-output>
        </test-method> <!-- tearDown -->
      </class> <!-- testCases.TC001_AccountRegTest -->
    </test> <!-- Test -->
  </suite> <!-- Suite -->
</testng-results>
